2026-01-01 00:35:29 INFO Session validated
2026-01-01 00:35:54 INFO Data fetched successfully
2026-01-01 00:30:29 INFO Cache updated
2026-01-01 00:20:00 INFO User login successful
2026-01-01 00:41:30 WARNING High memory usage
2026-01-01 00:33:09 INFO Page loaded
2026-01-01 00:50:42 INFO Request completed
2026-01-01 00:09:32 ERROR Internal server error
2026-01-01 00:54:34 INFO User login successful
2026-01-01 00:55:44 WARNING CPU usage high
2026-01-01 00:14:46 WARNING Slow response detected
2026-01-01 00:01:18 INFO Data fetched successfully
2026-01-01 00:07:26 WARNING CPU usage high
2026-01-01 00:00:50 INFO User login successful
2026-01-01 00:14:46 INFO Session validated
2026-01-01 00:47:11 ERROR Authentication failed
2026-01-01 00:14:25 INFO Data fetched successfully
2026-01-01 00:30:37 INFO Page loaded
2026-01-01 00:50:19 INFO Request completed
2026-01-01 00:15:13 INFO Session validated
2026-01-01 00:44:18 WARNING Disk usage high
2026-01-01 00:25:44 INFO User login successful
2026-01-01 00:44:45 WARNING High memory usage
2026-01-01 00:41:53 INFO Data fetched successfully
2026-01-01 00:45:35 WARNING Network latency detected
2026-01-01 00:04:43 WARNING High memory usage
2026-01-01 00:56:31 INFO Request completed
2026-01-01 00:59:43 INFO Request completed
2026-01-01 00:34:36 WARNING Network latency detected
2026-01-01 00:15:52 INFO Data fetched successfully
2026-01-01 00:49:13 INFO Session validated
2026-01-01 00:33:01 INFO Data fetched successfully
2026-01-01 00:42:41 INFO Session validated
2026-01-01 00:38:37 INFO Data fetched successfully
2026-01-01 00:13:09 INFO User login successful
2026-01-01 00:04:17 ERROR API timeout
2026-01-01 00:40:01 INFO Data fetched successfully
2026-01-01 00:54:06 INFO Page loaded
2026-01-01 00:53:13 WARNING Slow response detected
2026-01-01 00:53:41 INFO Page loaded
2026-01-01 00:26:42 WARNING CPU usage high
2026-01-01 00:01:44 WARNING Network latency detected
2026-01-01 00:49:33 ERROR Database connection failed
2026-01-01 00:00:52 INFO Request completed
2026-01-01 00:45:51 WARNING Disk usage high
2026-01-01 00:46:09 INFO Page loaded
2026-01-01 00:52:35 INFO Session validated
2026-01-01 00:14:54 WARNING Disk usage high
2026-01-01 00:53:42 INFO Request completed
2026-01-01 00:57:40 INFO Request completed
2026-01-01 00:23:19 INFO Request completed
2026-01-01 00:45:06 WARNING Slow response detected
2026-01-01 00:25:56 INFO Data fetched successfully
2026-01-01 00:25:26 WARNING Network latency detected
2026-01-01 00:48:37 INFO User login successful
2026-01-01 00:39:52 INFO User login successful
2026-01-01 00:08:49 INFO User login successful
2026-01-01 00:27:47 WARNING CPU usage high
2026-01-01 00:08:12 ERROR API timeout
2026-01-01 01:22:30 INFO Data fetched successfully
2026-01-01 01:44:34 INFO Data fetched successfully
2026-01-01 01:32:55 WARNING CPU usage high
2026-01-01 01:52:38 INFO Page loaded
2026-01-01 01:58:12 WARNING CPU usage high
2026-01-01 01:08:43 WARNING High memory usage
2026-01-01 01:53:47 INFO Session validated
2026-01-01 01:06:23 INFO Page loaded
2026-01-01 01:08:53 WARNING High memory usage
2026-01-01 01:24:56 WARNING Network latency detected
2026-01-01 01:58:28 ERROR API timeout
2026-01-01 01:30:27 WARNING Disk usage high
2026-01-01 01:46:20 INFO Session validated
2026-01-01 01:09:29 ERROR Database connection failed
2026-01-01 01:16:50 INFO Request completed
2026-01-01 01:46:16 INFO Session validated
2026-01-01 01:08:05 ERROR API timeout
2026-01-01 01:17:42 INFO Data fetched successfully
2026-01-01 01:05:12 WARNING Network latency detected
2026-01-01 01:19:02 INFO Page loaded
2026-01-01 01:46:18 INFO User login successful
2026-01-01 01:42:36 INFO Cache updated
2026-01-01 01:57:55 INFO Session validated
2026-01-01 01:13:34 INFO Cache updated
2026-01-01 01:04:09 INFO User login successful
2026-01-01 01:22:36 INFO Page loaded
2026-01-01 01:08:03 INFO Session validated
2026-01-01 01:25:14 WARNING CPU usage high
2026-01-01 01:30:06 INFO Page loaded
2026-01-01 01:42:11 INFO Cache updated
2026-01-01 01:20:12 WARNING High memory usage
2026-01-01 01:25:51 INFO Data fetched successfully
2026-01-01 01:45:48 INFO Session validated
2026-01-01 01:20:13 INFO Data fetched successfully
2026-01-01 01:52:04 INFO Page loaded
2026-01-01 01:19:03 WARNING CPU usage high
2026-01-01 01:47:32 INFO Page loaded
2026-01-01 01:44:19 WARNING Network latency detected
2026-01-01 01:44:20 WARNING CPU usage high
2026-01-01 01:15:29 INFO Cache updated
2026-01-01 01:34:57 INFO Cache updated
2026-01-01 01:22:52 WARNING Disk usage high
2026-01-01 01:19:56 INFO Page loaded
2026-01-01 01:45:06 WARNING Slow response detected
2026-01-01 01:09:00 INFO Page loaded
2026-01-01 01:23:02 INFO User login successful
2026-01-01 01:30:31 INFO User login successful
2026-01-01 01:13:51 INFO User login successful
2026-01-01 01:01:14 ERROR Service unavailable
2026-01-01 01:57:40 INFO Data fetched successfully
2026-01-01 01:14:46 WARNING High memory usage
2026-01-01 01:56:33 INFO Session validated
2026-01-01 01:40:00 INFO Session validated
2026-01-01 01:08:01 INFO Page loaded
2026-01-01 01:31:28 INFO Request completed
2026-01-01 01:24:29 INFO Page loaded
2026-01-01 01:29:57 INFO User login successful
2026-01-01 01:28:47 INFO Page loaded
2026-01-01 01:49:28 INFO Data fetched successfully
2026-01-01 01:15:42 INFO Session validated
2026-01-01 01:02:35 WARNING High memory usage
2026-01-01 01:08:54 INFO User login successful
2026-01-01 01:58:06 INFO Cache updated
2026-01-01 01:26:51 INFO Cache updated
2026-01-01 01:49:24 INFO Session validated
2026-01-01 01:39:48 ERROR Internal server error
2026-01-01 01:52:03 WARNING CPU usage high
2026-01-01 01:59:57 WARNING Slow response detected
2026-01-01 01:04:43 WARNING CPU usage high
2026-01-01 01:24:57 INFO Request completed
2026-01-01 01:57:20 WARNING Disk usage high
2026-01-01 01:52:53 WARNING Slow response detected
2026-01-01 02:19:20 INFO Cache updated
2026-01-01 02:23:11 WARNING Network latency detected
2026-01-01 02:11:02 INFO Data fetched successfully
2026-01-01 02:30:32 ERROR Service unavailable
2026-01-01 02:01:34 INFO Page loaded
2026-01-01 02:59:01 WARNING CPU usage high
2026-01-01 02:29:39 INFO Session validated
2026-01-01 02:12:46 WARNING High memory usage
2026-01-01 02:14:14 ERROR Database connection failed
2026-01-01 02:04:17 WARNING CPU usage high
2026-01-01 02:42:12 ERROR Internal server error
2026-01-01 02:29:21 WARNING CPU usage high
2026-01-01 02:03:02 INFO Cache updated
2026-01-01 02:14:02 WARNING CPU usage high
2026-01-01 02:04:09 INFO Session validated
2026-01-01 02:02:46 INFO Page loaded
2026-01-01 02:46:41 ERROR Database connection failed
2026-01-01 02:00:32 ERROR Service unavailable
2026-01-01 02:20:53 INFO Data fetched successfully
2026-01-01 02:00:38 WARNING Disk usage high
2026-01-01 02:46:37 INFO User login successful
2026-01-01 02:21:33 INFO User login successful
2026-01-01 02:48:35 WARNING Network latency detected
2026-01-01 02:15:03 INFO Data fetched successfully
2026-01-01 02:53:06 ERROR API timeout
2026-01-01 02:50:11 INFO Cache updated
2026-01-01 02:50:28 INFO Cache updated
2026-01-01 02:06:45 WARNING CPU usage high
2026-01-01 02:58:14 INFO Session validated
2026-01-01 02:51:50 INFO Cache updated
2026-01-01 02:55:30 ERROR Authentication failed
2026-01-01 02:33:55 INFO User login successful
2026-01-01 02:57:49 INFO Data fetched successfully
2026-01-01 02:06:29 INFO User login successful
2026-01-01 02:31:55 INFO Request completed
2026-01-01 02:33:15 ERROR Database connection failed
2026-01-01 02:00:47 WARNING Slow response detected
2026-01-01 02:03:13 WARNING CPU usage high
2026-01-01 02:38:04 INFO Session validated
2026-01-01 02:04:13 WARNING CPU usage high
2026-01-01 02:33:07 INFO Data fetched successfully
2026-01-01 02:21:04 WARNING Network latency detected
2026-01-01 02:58:40 WARNING Slow response detected
2026-01-01 02:00:26 INFO Page loaded
2026-01-01 02:40:28 INFO Request completed
2026-01-01 02:00:42 INFO Request completed
2026-01-01 02:32:32 WARNING CPU usage high
2026-01-01 02:43:34 WARNING High memory usage
2026-01-01 02:28:52 WARNING Disk usage high
2026-01-01 02:48:09 WARNING High memory usage
2026-01-01 02:33:18 INFO Data fetched successfully
2026-01-01 02:12:27 INFO Page loaded
2026-01-01 02:21:09 INFO Data fetched successfully
2026-01-01 02:56:43 WARNING CPU usage high
2026-01-01 02:04:59 INFO Data fetched successfully
2026-01-01 02:48:19 INFO Page loaded
2026-01-01 02:31:13 INFO Cache updated
2026-01-01 02:31:45 WARNING Disk usage high
2026-01-01 02:14:34 WARNING High memory usage
2026-01-01 02:17:34 WARNING CPU usage high
2026-01-01 02:00:50 WARNING CPU usage high
2026-01-01 02:47:01 INFO Page loaded
2026-01-01 02:36:38 INFO Request completed
2026-01-01 02:09:16 ERROR API timeout
2026-01-01 02:28:52 ERROR API timeout
2026-01-01 02:29:58 INFO Session validated
2026-01-01 03:11:31 INFO Cache updated
2026-01-01 03:10:33 INFO Request completed
2026-01-01 03:34:08 INFO Data fetched successfully
2026-01-01 03:43:57 WARNING High memory usage
2026-01-01 03:23:57 ERROR Service unavailable
2026-01-01 03:15:08 INFO User login successful
2026-01-01 03:23:07 INFO Data fetched successfully
2026-01-01 03:31:21 WARNING Slow response detected
2026-01-01 03:16:19 INFO Data fetched successfully
2026-01-01 03:31:47 INFO Page loaded
2026-01-01 03:58:03 INFO Data fetched successfully
2026-01-01 03:24:33 WARNING Slow response detected
2026-01-01 03:26:11 INFO Data fetched successfully
2026-01-01 03:58:30 ERROR Database connection failed
2026-01-01 03:18:27 INFO User login successful
2026-01-01 03:16:59 INFO Page loaded
2026-01-01 03:25:40 INFO Page loaded
2026-01-01 03:24:55 INFO Session validated
2026-01-01 03:56:42 WARNING Disk usage high
2026-01-01 03:02:45 INFO User login successful
2026-01-01 03:11:28 INFO Request completed
2026-01-01 03:43:00 INFO Page loaded
2026-01-01 03:18:41 ERROR API timeout
2026-01-01 03:14:39 INFO User login successful
2026-01-01 03:03:22 INFO Session validated
2026-01-01 03:05:10 WARNING High memory usage
2026-01-01 03:04:06 INFO User login successful
2026-01-01 03:17:46 INFO Page loaded
2026-01-01 03:20:48 WARNING Slow response detected
2026-01-01 03:52:08 INFO Page loaded
2026-01-01 03:40:25 INFO Request completed
2026-01-01 03:12:35 INFO Request completed
2026-01-01 03:10:26 INFO Session validated
2026-01-01 03:59:10 INFO Session validated
2026-01-01 03:46:42 INFO Session validated
2026-01-01 03:18:31 INFO User login successful
2026-01-01 03:11:16 INFO User login successful
2026-01-01 03:32:34 INFO Data fetched successfully
2026-01-01 03:53:48 ERROR API timeout
2026-01-01 03:43:18 INFO Data fetched successfully
2026-01-01 03:03:57 INFO Session validated
2026-01-01 03:51:43 INFO Session validated
2026-01-01 03:10:23 WARNING Network latency detected
2026-01-01 03:31:38 WARNING CPU usage high
2026-01-01 03:57:13 INFO User login successful
2026-01-01 03:13:08 INFO Page loaded
2026-01-01 03:43:00 WARNING Disk usage high
2026-01-01 03:55:16 INFO Request completed
2026-01-01 03:01:42 INFO Request completed
2026-01-01 03:49:38 INFO Request completed
2026-01-01 03:40:45 ERROR API timeout
2026-01-01 03:25:01 INFO Session validated
2026-01-01 03:47:07 INFO Session validated
2026-01-01 03:50:01 ERROR Authentication failed
2026-01-01 03:06:40 WARNING Slow response detected
2026-01-01 03:34:49 WARNING Slow response detected
2026-01-01 03:55:37 WARNING High memory usage
2026-01-01 03:56:09 ERROR API timeout
2026-01-01 03:31:24 INFO Cache updated
2026-01-01 03:27:14 INFO Cache updated
2026-01-01 03:24:11 INFO Page loaded
2026-01-01 03:12:14 INFO Page loaded
2026-01-01 03:08:21 ERROR Database connection failed
2026-01-01 03:11:04 WARNING Network latency detected
2026-01-01 03:31:43 INFO Cache updated
2026-01-01 03:46:44 WARNING CPU usage high
2026-01-01 03:44:38 INFO Request completed
2026-01-01 03:35:31 ERROR Database connection failed
2026-01-01 04:54:21 INFO Page loaded
2026-01-01 04:06:05 INFO Page loaded
2026-01-01 04:29:41 INFO Cache updated
2026-01-01 04:30:03 WARNING Network latency detected
2026-01-01 04:41:54 WARNING CPU usage high
2026-01-01 04:06:34 INFO User login successful
2026-01-01 04:13:29 WARNING Network latency detected
2026-01-01 04:37:05 INFO User login successful
2026-01-01 04:17:34 INFO Request completed
2026-01-01 04:48:26 INFO Data fetched successfully
2026-01-01 04:49:22 WARNING Disk usage high
2026-01-01 04:59:18 ERROR Service unavailable
2026-01-01 04:48:12 INFO Page loaded
2026-01-01 04:19:46 INFO Cache updated
2026-01-01 04:04:26 INFO User login successful
2026-01-01 04:21:06 INFO Page loaded
2026-01-01 04:17:28 INFO Page loaded
2026-01-01 04:19:18 INFO Page loaded
2026-01-01 04:35:54 INFO Cache updated
2026-01-01 04:36:56 WARNING High memory usage
2026-01-01 04:52:53 WARNING High memory usage
2026-01-01 04:21:39 ERROR Service unavailable
2026-01-01 04:44:32 ERROR Authentication failed
2026-01-01 04:35:36 INFO Request completed
2026-01-01 04:50:27 INFO Session validated
2026-01-01 04:22:20 INFO Session validated
2026-01-01 04:00:11 ERROR Service unavailable
2026-01-01 04:56:53 INFO Session validated
2026-01-01 04:19:56 WARNING Network latency detected
2026-01-01 04:00:37 INFO Request completed
2026-01-01 04:39:29 WARNING CPU usage high
2026-01-01 04:03:21 INFO Page loaded
2026-01-01 04:22:31 INFO Page loaded
2026-01-01 04:31:27 WARNING Disk usage high
2026-01-01 04:10:47 WARNING Slow response detected
2026-01-01 04:35:58 WARNING Disk usage high
2026-01-01 04:24:29 INFO Page loaded
2026-01-01 04:49:34 INFO Request completed
2026-01-01 04:21:00 WARNING Disk usage high
2026-01-01 04:31:04 INFO Request completed
2026-01-01 04:38:45 WARNING Slow response detected
2026-01-01 04:16:22 WARNING High memory usage
2026-01-01 04:31:34 INFO Cache updated
2026-01-01 04:29:53 WARNING Slow response detected
2026-01-01 04:28:25 INFO User login successful
2026-01-01 04:13:48 INFO Page loaded
2026-01-01 04:19:55 INFO User login successful
2026-01-01 04:08:03 INFO Data fetched successfully
2026-01-01 04:38:32 INFO Page loaded
2026-01-01 04:23:38 INFO Session validated
2026-01-01 04:24:10 WARNING CPU usage high
2026-01-01 04:19:40 INFO Data fetched successfully
2026-01-01 04:14:13 INFO Cache updated
2026-01-01 04:40:04 INFO Session validated
2026-01-01 04:24:20 WARNING Disk usage high
2026-01-01 04:22:38 WARNING Disk usage high
2026-01-01 04:24:31 INFO Data fetched successfully
2026-01-01 04:10:44 WARNING High memory usage
2026-01-01 04:21:05 INFO Request completed
2026-01-01 04:46:13 INFO Page loaded
2026-01-01 04:11:10 INFO Page loaded
2026-01-01 04:18:08 WARNING High memory usage
2026-01-01 04:29:18 INFO Session validated
2026-01-01 04:41:39 INFO Cache updated
2026-01-01 04:56:08 WARNING High memory usage
2026-01-01 04:39:36 INFO Data fetched successfully
2026-01-01 04:26:39 INFO Page loaded
2026-01-01 04:30:23 INFO Page loaded
2026-01-01 04:55:34 WARNING CPU usage high
2026-01-01 04:28:29 INFO User login successful
2026-01-01 04:55:04 WARNING CPU usage high
2026-01-01 04:48:49 INFO Page loaded
2026-01-01 04:44:09 WARNING High memory usage
2026-01-01 05:31:27 INFO Data fetched successfully
2026-01-01 05:39:06 WARNING Network latency detected
2026-01-01 05:46:14 WARNING Slow response detected
2026-01-01 05:19:56 INFO Data fetched successfully
2026-01-01 05:24:05 INFO User login successful
2026-01-01 05:35:28 INFO Request completed
2026-01-01 05:10:29 INFO Data fetched successfully
2026-01-01 05:57:25 INFO Page loaded
2026-01-01 05:43:42 INFO Data fetched successfully
2026-01-01 05:01:27 ERROR Internal server error
2026-01-01 05:15:59 WARNING High memory usage
2026-01-01 05:38:57 WARNING High memory usage
2026-01-01 05:10:20 INFO User login successful
2026-01-01 05:26:08 WARNING CPU usage high
2026-01-01 05:25:38 ERROR Authentication failed
2026-01-01 05:22:32 INFO Cache updated
2026-01-01 05:57:16 INFO Cache updated
2026-01-01 05:51:57 WARNING Network latency detected
2026-01-01 05:55:36 WARNING CPU usage high
2026-01-01 05:02:13 ERROR Service unavailable
2026-01-01 05:58:00 INFO Page loaded
2026-01-01 05:43:39 INFO Session validated
2026-01-01 05:19:55 WARNING Network latency detected
2026-01-01 05:59:49 INFO User login successful
2026-01-01 05:07:10 INFO Data fetched successfully
2026-01-01 05:54:28 INFO User login successful
2026-01-01 05:54:15 INFO Request completed
2026-01-01 05:31:27 INFO Page loaded
2026-01-01 05:05:42 ERROR Database connection failed
2026-01-01 05:12:41 INFO Page loaded
2026-01-01 05:58:50 INFO Data fetched successfully
2026-01-01 05:58:10 WARNING Disk usage high
2026-01-01 05:05:19 WARNING Disk usage high
2026-01-01 05:41:26 WARNING Slow response detected
2026-01-01 05:20:23 INFO Cache updated
2026-01-01 05:29:06 INFO User login successful
2026-01-01 05:58:33 INFO Request completed
2026-01-01 05:51:09 INFO Cache updated
2026-01-01 05:37:35 INFO Request completed
2026-01-01 05:22:27 WARNING High memory usage
2026-01-01 05:25:55 INFO Page loaded
2026-01-01 05:10:09 WARNING Network latency detected
2026-01-01 05:46:18 WARNING Network latency detected
2026-01-01 05:26:07 INFO Request completed
2026-01-01 05:30:51 INFO Request completed
2026-01-01 05:36:18 WARNING CPU usage high
2026-01-01 05:17:14 WARNING CPU usage high
2026-01-01 05:41:30 INFO Request completed
2026-01-01 05:05:22 ERROR Service unavailable
2026-01-01 05:08:12 INFO Request completed
2026-01-01 05:15:12 WARNING Slow response detected
2026-01-01 05:03:47 INFO Cache updated
2026-01-01 05:19:41 WARNING Disk usage high
2026-01-01 05:27:42 INFO Data fetched successfully
2026-01-01 05:36:25 INFO Request completed
2026-01-01 05:38:56 INFO Page loaded
2026-01-01 05:23:23 INFO Request completed
2026-01-01 05:31:06 INFO User login successful
2026-01-01 05:32:41 WARNING CPU usage high
2026-01-01 05:40:12 INFO Cache updated
2026-01-01 05:36:03 INFO Page loaded
2026-01-01 05:58:30 WARNING High memory usage
2026-01-01 05:59:16 INFO Request completed
2026-01-01 05:25:06 INFO Data fetched successfully
2026-01-01 05:05:36 INFO Request completed
2026-01-01 05:40:48 INFO Cache updated
2026-01-01 05:19:16 WARNING CPU usage high
2026-01-01 05:22:46 WARNING Network latency detected
2026-01-01 05:08:35 INFO Session validated
2026-01-01 05:20:53 INFO Request completed
2026-01-01 05:03:43 WARNING Disk usage high
2026-01-01 06:13:54 INFO Session validated
2026-01-01 06:12:20 ERROR Database connection failed
2026-01-01 06:04:42 INFO Cache updated
2026-01-01 06:34:01 INFO Cache updated
2026-01-01 06:40:26 INFO Request completed
2026-01-01 06:25:00 WARNING Slow response detected
2026-01-01 06:36:36 INFO Cache updated
2026-01-01 06:32:12 WARNING Slow response detected
2026-01-01 06:48:02 ERROR Database connection failed
2026-01-01 06:46:22 WARNING Slow response detected
2026-01-01 06:20:58 WARNING CPU usage high
2026-01-01 06:03:28 INFO Page loaded
2026-01-01 06:32:43 INFO User login successful
2026-01-01 06:33:02 WARNING Disk usage high
2026-01-01 06:47:47 WARNING Slow response detected
2026-01-01 06:56:59 INFO Cache updated
2026-01-01 06:01:01 INFO Request completed
2026-01-01 06:06:29 WARNING Network latency detected
2026-01-01 06:28:39 WARNING Disk usage high
2026-01-01 06:03:38 INFO User login successful
2026-01-01 06:33:24 INFO Page loaded
2026-01-01 06:13:06 ERROR Database connection failed
2026-01-01 06:42:22 INFO Data fetched successfully
2026-01-01 06:32:01 INFO Session validated
2026-01-01 06:57:14 INFO Session validated
2026-01-01 06:38:40 WARNING Network latency detected
2026-01-01 06:04:33 ERROR Authentication failed
2026-01-01 06:29:56 ERROR Authentication failed
2026-01-01 06:19:02 INFO Cache updated
2026-01-01 06:09:47 INFO Session validated
2026-01-01 06:10:30 INFO User login successful
2026-01-01 06:26:21 ERROR Database connection failed
2026-01-01 06:24:19 INFO Session validated
2026-01-01 06:50:40 INFO Cache updated
2026-01-01 06:43:47 INFO Data fetched successfully
2026-01-01 06:09:30 INFO User login successful
2026-01-01 06:16:42 WARNING Slow response detected
2026-01-01 06:15:08 WARNING Network latency detected
2026-01-01 06:15:41 WARNING Disk usage high
2026-01-01 06:41:00 ERROR Internal server error
2026-01-01 06:05:47 INFO Cache updated
2026-01-01 06:32:04 WARNING Disk usage high
2026-01-01 06:19:49 INFO Request completed
2026-01-01 06:16:32 WARNING Slow response detected
2026-01-01 06:20:39 INFO Data fetched successfully
2026-01-01 06:33:31 INFO Page loaded
2026-01-01 06:50:26 INFO Request completed
2026-01-01 06:06:03 INFO Page loaded
2026-01-01 06:29:36 WARNING High memory usage
2026-01-01 06:22:40 ERROR Internal server error
2026-01-01 06:50:48 INFO Request completed
2026-01-01 06:38:42 INFO Cache updated
2026-01-01 06:43:13 INFO Page loaded
2026-01-01 06:32:59 WARNING Disk usage high
2026-01-01 06:27:56 WARNING Slow response detected
2026-01-01 06:09:58 INFO Page loaded
2026-01-01 06:45:30 INFO Page loaded
2026-01-01 06:00:43 ERROR Authentication failed
2026-01-01 06:09:15 INFO Cache updated
2026-01-01 06:40:16 INFO Data fetched successfully
2026-01-01 06:03:00 INFO Data fetched successfully
2026-01-01 06:39:28 INFO Data fetched successfully
2026-01-01 06:40:58 INFO Page loaded
2026-01-01 06:39:49 ERROR Database connection failed
2026-01-01 06:33:49 ERROR Service unavailable
2026-01-01 06:54:49 ERROR Authentication failed
2026-01-01 07:21:58 WARNING CPU usage high
2026-01-01 07:23:29 INFO User login successful
2026-01-01 07:43:34 INFO Page loaded
2026-01-01 07:08:23 ERROR Authentication failed
2026-01-01 07:43:40 INFO Data fetched successfully
2026-01-01 07:30:11 WARNING Disk usage high
2026-01-01 07:16:45 INFO User login successful
2026-01-01 07:58:36 WARNING Disk usage high
2026-01-01 07:54:29 INFO Cache updated
2026-01-01 07:20:17 INFO Page loaded
2026-01-01 07:33:53 INFO Request completed
2026-01-01 07:08:00 WARNING Network latency detected
2026-01-01 07:27:13 ERROR Internal server error
2026-01-01 07:03:21 INFO Cache updated
2026-01-01 07:09:22 INFO Page loaded
2026-01-01 07:23:18 INFO Data fetched successfully
2026-01-01 07:38:35 INFO Session validated
2026-01-01 07:19:21 WARNING High memory usage
2026-01-01 07:21:47 ERROR Internal server error
2026-01-01 07:16:46 INFO Session validated
2026-01-01 07:35:30 WARNING Disk usage high
2026-01-01 07:33:33 WARNING Network latency detected
2026-01-01 07:53:56 ERROR API timeout
2026-01-01 07:27:32 INFO User login successful
2026-01-01 07:17:41 INFO User login successful
2026-01-01 07:34:44 WARNING Slow response detected
2026-01-01 07:29:49 INFO Session validated
2026-01-01 07:16:50 INFO User login successful
2026-01-01 07:05:05 INFO User login successful
2026-01-01 07:24:25 ERROR Authentication failed
2026-01-01 07:13:05 INFO Data fetched successfully
2026-01-01 07:09:07 WARNING CPU usage high
2026-01-01 07:28:46 INFO Data fetched successfully
2026-01-01 07:18:07 INFO Session validated
2026-01-01 07:29:40 INFO User login successful
2026-01-01 07:48:32 INFO Page loaded
2026-01-01 07:06:30 INFO Page loaded
2026-01-01 07:27:44 INFO Page loaded
2026-01-01 07:22:07 INFO Session validated
2026-01-01 07:28:25 ERROR Internal server error
2026-01-01 07:15:31 INFO Request completed
2026-01-01 07:18:43 ERROR Internal server error
2026-01-01 07:14:34 INFO Request completed
2026-01-01 07:46:12 ERROR Database connection failed
2026-01-01 07:45:11 INFO Page loaded
2026-01-01 07:45:40 INFO Session validated
2026-01-01 07:27:46 WARNING Network latency detected
2026-01-01 07:06:28 ERROR Authentication failed
2026-01-01 07:51:20 INFO Cache updated
2026-01-01 07:39:05 INFO Request completed
2026-01-01 07:49:39 WARNING Disk usage high
2026-01-01 07:55:06 INFO Request completed
2026-01-01 07:53:55 WARNING Disk usage high
2026-01-01 07:52:14 INFO Page loaded
2026-01-01 07:37:17 ERROR Authentication failed
2026-01-01 08:31:47 INFO Session validated
2026-01-01 08:57:37 WARNING Network latency detected
2026-01-01 08:24:24 ERROR Database connection failed
2026-01-01 08:30:59 WARNING CPU usage high
2026-01-01 08:28:20 INFO Session validated
2026-01-01 08:22:18 WARNING Slow response detected
2026-01-01 08:15:53 INFO Data fetched successfully
2026-01-01 08:39:58 INFO Cache updated
2026-01-01 08:16:24 WARNING Disk usage high
2026-01-01 08:03:28 INFO User login successful
2026-01-01 08:36:03 INFO User login successful
2026-01-01 08:26:12 INFO Session validated
2026-01-01 08:11:38 INFO Data fetched successfully
2026-01-01 08:18:32 WARNING Slow response detected
2026-01-01 08:07:29 INFO Request completed
2026-01-01 08:42:52 INFO Page loaded
2026-01-01 08:49:33 WARNING Network latency detected
2026-01-01 08:58:04 INFO Cache updated
2026-01-01 08:06:44 INFO Cache updated
2026-01-01 08:53:44 INFO Cache updated
2026-01-01 08:21:00 INFO Session validated
2026-01-01 08:30:54 WARNING Slow response detected
2026-01-01 08:12:30 WARNING High memory usage
2026-01-01 08:05:37 WARNING Network latency detected
2026-01-01 08:53:44 INFO Cache updated
2026-01-01 08:05:45 WARNING High memory usage
2026-01-01 08:00:51 WARNING CPU usage high
2026-01-01 08:00:10 INFO Request completed
2026-01-01 08:55:55 WARNING Slow response detected
2026-01-01 08:45:53 INFO User login successful
2026-01-01 08:54:25 INFO Request completed
2026-01-01 08:33:56 INFO User login successful
2026-01-01 08:51:51 INFO Page loaded
2026-01-01 08:48:21 INFO Request completed
2026-01-01 08:43:31 INFO Data fetched successfully
2026-01-01 08:18:57 INFO Page loaded
2026-01-01 08:25:33 INFO Data fetched successfully
2026-01-01 08:15:56 ERROR Internal server error
2026-01-01 08:41:36 INFO User login successful
2026-01-01 08:43:50 INFO Page loaded
2026-01-01 08:05:10 WARNING Network latency detected
2026-01-01 08:10:55 WARNING CPU usage high
2026-01-01 08:55:40 INFO Page loaded
2026-01-01 09:43:00 INFO Session validated
2026-01-01 09:30:37 WARNING High memory usage
2026-01-01 09:47:35 INFO User login successful
2026-01-01 09:34:13 INFO Cache updated
2026-01-01 09:13:27 INFO Cache updated
2026-01-01 09:33:52 INFO Page loaded
2026-01-01 09:09:08 INFO Request completed
2026-01-01 09:23:46 INFO Cache updated
2026-01-01 09:04:20 INFO Data fetched successfully
2026-01-01 09:30:25 WARNING CPU usage high
2026-01-01 09:15:25 INFO Cache updated
2026-01-01 09:50:52 INFO Cache updated
2026-01-01 09:08:08 INFO User login successful
2026-01-01 09:54:55 INFO Session validated
2026-01-01 09:59:48 INFO Request completed
2026-01-01 09:28:54 INFO Request completed
2026-01-01 09:13:43 WARNING Disk usage high
2026-01-01 09:45:57 ERROR API timeout
2026-01-01 09:53:22 INFO Data fetched successfully
2026-01-01 09:21:53 WARNING Slow response detected
2026-01-01 09:05:17 INFO Cache updated
2026-01-01 09:12:28 INFO Session validated
2026-01-01 09:39:02 INFO Cache updated
2026-01-01 09:03:58 WARNING High memory usage
2026-01-01 09:03:04 ERROR Service unavailable
2026-01-01 09:47:47 INFO User login successful
2026-01-01 09:33:21 WARNING CPU usage high
2026-01-01 09:35:02 WARNING High memory usage
2026-01-01 09:17:24 WARNING High memory usage
2026-01-01 09:53:56 WARNING Disk usage high
2026-01-01 09:09:11 INFO Request completed
2026-01-01 09:38:56 WARNING Disk usage high
2026-01-01 09:15:47 WARNING CPU usage high
2026-01-01 09:54:06 INFO Page loaded
2026-01-01 09:18:04 WARNING Network latency detected
2026-01-01 09:41:04 WARNING Slow response detected
2026-01-01 09:23:23 WARNING CPU usage high
2026-01-01 09:39:34 INFO Request completed
2026-01-01 09:43:31 ERROR Service unavailable
2026-01-01 09:47:41 WARNING Network latency detected
2026-01-01 09:45:26 WARNING Slow response detected
2026-01-01 09:54:35 INFO User login successful
2026-01-01 09:17:27 WARNING CPU usage high
2026-01-01 09:44:42 ERROR API timeout
2026-01-01 09:51:23 WARNING CPU usage high
2026-01-01 09:56:56 WARNING CPU usage high
2026-01-01 09:31:52 WARNING Disk usage high
2026-01-01 09:00:33 WARNING High memory usage
2026-01-01 09:34:54 INFO User login successful
2026-01-01 09:10:48 INFO Page loaded
2026-01-01 09:33:50 WARNING Network latency detected
2026-01-01 09:19:54 WARNING Disk usage high
2026-01-01 09:15:55 INFO Page loaded
2026-01-01 09:58:19 WARNING CPU usage high
2026-01-01 10:19:23 ERROR Service unavailable
2026-01-01 10:09:37 ERROR Database connection failed
2026-01-01 10:56:10 INFO User login successful
2026-01-01 10:51:29 ERROR Database connection failed
2026-01-01 10:39:57 ERROR Authentication failed
2026-01-01 10:17:17 INFO Data fetched successfully
2026-01-01 10:34:29 ERROR Database connection failed
2026-01-01 10:15:17 ERROR Internal server error
2026-01-01 10:51:00 WARNING Disk usage high
2026-01-01 10:22:00 ERROR Internal server error
2026-01-01 10:38:47 INFO Data fetched successfully
2026-01-01 10:20:52 ERROR Authentication failed
2026-01-01 10:21:20 WARNING High memory usage
2026-01-01 10:23:52 ERROR Authentication failed
2026-01-01 10:35:38 ERROR Authentication failed
2026-01-01 10:40:15 INFO Session validated
2026-01-01 10:25:38 ERROR API timeout
2026-01-01 10:35:07 ERROR Database connection failed
2026-01-01 10:49:37 WARNING Disk usage high
2026-01-01 10:50:51 INFO Data fetched successfully
2026-01-01 10:35:43 ERROR API timeout
2026-01-01 10:41:44 WARNING Network latency detected
2026-01-01 10:53:13 ERROR API timeout
2026-01-01 10:20:41 ERROR Service unavailable
2026-01-01 10:55:47 ERROR Internal server error
2026-01-01 10:45:52 ERROR Database connection failed
2026-01-01 10:21:53 ERROR API timeout
2026-01-01 10:01:40 WARNING Network latency detected
2026-01-01 10:57:20 ERROR Authentication failed
2026-01-01 10:15:58 INFO Data fetched successfully
2026-01-01 10:41:20 ERROR Internal server error
2026-01-01 10:29:00 INFO Session validated
2026-01-01 10:35:14 WARNING High memory usage
2026-01-01 10:49:42 WARNING High memory usage
2026-01-01 10:43:48 INFO Session validated
2026-01-01 10:22:46 INFO Request completed
2026-01-01 10:39:53 ERROR Authentication failed
2026-01-01 10:01:30 WARNING Network latency detected
2026-01-01 10:48:43 ERROR Database connection failed
2026-01-01 10:05:56 ERROR Database connection failed
2026-01-01 10:46:51 ERROR Internal server error
2026-01-01 10:33:08 WARNING Slow response detected
2026-01-01 10:44:41 ERROR Database connection failed
2026-01-01 10:00:15 WARNING Slow response detected
2026-01-01 10:41:13 ERROR API timeout
2026-01-01 10:57:37 INFO Cache updated
2026-01-01 10:21:16 ERROR Database connection failed
2026-01-01 10:35:47 ERROR Authentication failed
2026-01-01 10:42:42 ERROR Database connection failed
2026-01-01 10:52:01 ERROR Database connection failed
2026-01-01 10:43:18 ERROR API timeout
2026-01-01 10:25:55 INFO Cache updated
2026-01-01 10:56:03 ERROR Database connection failed
2026-01-01 10:11:38 ERROR Database connection failed
2026-01-01 10:39:07 WARNING CPU usage high
2026-01-01 10:56:58 WARNING Disk usage high
2026-01-01 10:56:58 WARNING CPU usage high
2026-01-01 10:12:47 WARNING CPU usage high
2026-01-01 10:10:34 WARNING Network latency detected
2026-01-01 10:28:09 ERROR Database connection failed
2026-01-01 10:59:36 ERROR API timeout
2026-01-01 10:58:15 INFO Data fetched successfully
2026-01-01 10:02:49 INFO Data fetched successfully
2026-01-01 10:26:10 ERROR Service unavailable
2026-01-01 10:45:48 INFO User login successful
2026-01-01 10:04:29 ERROR API timeout
2026-01-01 10:04:52 ERROR API timeout
2026-01-01 10:44:44 WARNING High memory usage
2026-01-01 10:31:09 ERROR Authentication failed
2026-01-01 10:18:57 INFO Request completed
2026-01-01 10:36:05 INFO Request completed
2026-01-01 10:43:46 INFO Session validated
2026-01-01 10:02:28 ERROR Internal server error
2026-01-01 10:48:31 WARNING CPU usage high
2026-01-01 10:23:02 ERROR Internal server error
2026-01-01 10:33:38 WARNING High memory usage
2026-01-01 10:25:34 WARNING CPU usage high
2026-01-01 10:37:40 INFO User login successful
2026-01-01 10:02:01 WARNING CPU usage high
2026-01-01 10:14:40 ERROR Database connection failed
2026-01-01 10:00:35 ERROR Database connection failed
2026-01-01 10:30:16 WARNING Disk usage high
2026-01-01 10:00:25 ERROR Internal server error
2026-01-01 10:43:59 ERROR API timeout
2026-01-01 10:30:29 WARNING High memory usage
2026-01-01 10:59:54 WARNING Network latency detected
2026-01-01 10:33:36 WARNING CPU usage high
2026-01-01 10:39:05 INFO Cache updated
2026-01-01 10:32:35 INFO Session validated
2026-01-01 10:10:14 ERROR Service unavailable
2026-01-01 10:15:02 ERROR Authentication failed
2026-01-01 10:37:13 ERROR Internal server error
2026-01-01 10:09:26 INFO Session validated
2026-01-01 10:18:54 ERROR Internal server error
2026-01-01 10:28:35 ERROR Service unavailable
2026-01-01 10:36:46 ERROR Database connection failed
2026-01-01 10:10:57 WARNING High memory usage
2026-01-01 10:19:27 WARNING Slow response detected
2026-01-01 10:51:14 ERROR Internal server error
2026-01-01 10:23:01 INFO Request completed
2026-01-01 10:13:08 ERROR Database connection failed
2026-01-01 10:18:36 WARNING CPU usage high
2026-01-01 10:40:04 INFO Request completed
2026-01-01 10:02:26 WARNING Network latency detected
2026-01-01 10:53:31 WARNING High memory usage
2026-01-01 10:34:41 INFO Request completed
2026-01-01 10:44:50 INFO Cache updated
2026-01-01 10:54:42 ERROR Authentication failed
2026-01-01 10:43:42 INFO Page loaded
2026-01-01 10:47:07 INFO Session validated
2026-01-01 10:24:55 WARNING CPU usage high
2026-01-01 10:48:30 ERROR Database connection failed
2026-01-01 10:08:40 ERROR Authentication failed
2026-01-01 10:47:41 INFO Session validated
2026-01-01 10:39:31 WARNING Disk usage high
2026-01-01 10:07:33 WARNING Network latency detected
2026-01-01 10:34:52 ERROR Internal server error
2026-01-01 10:04:47 INFO Session validated
2026-01-01 10:41:59 WARNING Network latency detected
2026-01-01 10:08:10 ERROR Authentication failed
2026-01-01 10:00:05 WARNING High memory usage
2026-01-01 10:14:19 WARNING Slow response detected
2026-01-01 10:33:37 ERROR API timeout
2026-01-01 10:43:10 ERROR Database connection failed
2026-01-01 10:04:59 INFO Session validated
2026-01-01 10:08:19 INFO Cache updated
2026-01-01 10:35:53 ERROR Database connection failed
2026-01-01 10:28:08 INFO User login successful
2026-01-01 10:17:50 WARNING Disk usage high
2026-01-01 10:13:37 ERROR Internal server error
2026-01-01 10:47:33 WARNING Network latency detected
2026-01-01 10:16:45 ERROR Service unavailable
2026-01-01 10:38:40 ERROR Database connection failed
2026-01-01 10:36:26 WARNING Slow response detected
2026-01-01 10:28:04 INFO Page loaded
2026-01-01 10:06:32 ERROR Database connection failed
2026-01-01 10:50:53 INFO Page loaded
2026-01-01 10:45:39 ERROR Authentication failed
2026-01-01 11:16:33 WARNING High memory usage
2026-01-01 11:49:14 INFO Cache updated
2026-01-01 11:17:24 INFO Cache updated
2026-01-01 11:51:13 ERROR Internal server error
2026-01-01 11:30:29 INFO User login successful
2026-01-01 11:12:02 INFO Cache updated
2026-01-01 11:50:20 INFO User login successful
2026-01-01 11:48:05 INFO Cache updated
2026-01-01 11:26:40 INFO Session validated
2026-01-01 11:39:26 INFO Cache updated
2026-01-01 11:55:42 INFO Session validated
2026-01-01 11:49:53 WARNING Network latency detected
2026-01-01 11:42:17 ERROR Internal server error
2026-01-01 11:40:45 WARNING Network latency detected
2026-01-01 11:21:06 WARNING CPU usage high
2026-01-01 11:01:22 INFO Cache updated
2026-01-01 11:49:51 ERROR Authentication failed
2026-01-01 11:29:24 ERROR API timeout
2026-01-01 11:14:06 INFO Cache updated
2026-01-01 11:52:41 INFO Session validated
2026-01-01 11:27:34 WARNING Disk usage high
2026-01-01 11:47:46 WARNING Slow response detected
2026-01-01 11:00:48 ERROR Service unavailable
2026-01-01 11:17:06 INFO Page loaded
2026-01-01 11:40:14 INFO Data fetched successfully
2026-01-01 11:15:15 WARNING High memory usage
2026-01-01 11:49:50 INFO Cache updated
2026-01-01 11:56:02 WARNING Disk usage high
2026-01-01 11:42:16 INFO Data fetched successfully
2026-01-01 11:21:39 INFO User login successful
2026-01-01 11:04:33 INFO Request completed
2026-01-01 11:40:11 WARNING Network latency detected
2026-01-01 11:38:58 INFO Cache updated
2026-01-01 11:48:54 INFO Data fetched successfully
2026-01-01 11:00:47 INFO Session validated
2026-01-01 11:42:32 INFO Request completed
2026-01-01 11:02:25 INFO Request completed
2026-01-01 11:43:01 ERROR Authentication failed
2026-01-01 11:22:34 WARNING CPU usage high
2026-01-01 11:11:09 ERROR Internal server error
2026-01-01 11:58:34 WARNING CPU usage high
2026-01-01 11:11:04 INFO User login successful
2026-01-01 11:54:43 ERROR Authentication failed
2026-01-01 11:12:38 INFO Session validated
2026-01-01 11:36:45 WARNING Network latency detected
2026-01-01 11:54:35 INFO User login successful
2026-01-01 11:27:12 INFO Page loaded
2026-01-01 11:28:08 WARNING Disk usage high
2026-01-01 11:15:40 ERROR Database connection failed
2026-01-01 11:21:37 INFO Request completed
2026-01-01 11:21:25 WARNING Network latency detected
2026-01-01 11:05:55 INFO User login successful
2026-01-01 11:00:01 INFO Request completed
2026-01-01 11:51:37 INFO Page loaded
2026-01-01 11:40:01 INFO Cache updated
2026-01-01 11:44:19 INFO Request completed
2026-01-01 11:57:48 INFO Request completed
2026-01-01 11:59:39 INFO Request completed
2026-01-01 11:53:04 WARNING Slow response detected
2026-01-01 11:32:21 WARNING Slow response detected
2026-01-01 11:47:50 INFO Cache updated
2026-01-01 11:37:37 ERROR Authentication failed
2026-01-01 11:16:23 ERROR Authentication failed
2026-01-01 11:59:54 ERROR API timeout
2026-01-01 11:12:16 INFO Data fetched successfully
2026-01-01 11:18:07 ERROR Database connection failed
2026-01-01 11:12:31 WARNING High memory usage
2026-01-01 11:18:54 WARNING Slow response detected
2026-01-01 11:40:27 INFO Page loaded
2026-01-01 11:02:56 ERROR Internal server error
2026-01-01 11:56:29 INFO Cache updated
2026-01-01 11:34:19 WARNING Disk usage high
2026-01-01 11:08:42 INFO Session validated
2026-01-01 12:00:53 INFO User login successful
2026-01-01 12:17:26 WARNING Network latency detected
2026-01-01 12:56:29 INFO Session validated
2026-01-01 12:26:36 INFO Request completed
2026-01-01 12:59:48 INFO Data fetched successfully
2026-01-01 12:45:02 INFO Data fetched successfully
2026-01-01 12:52:29 WARNING Disk usage high
2026-01-01 12:23:17 INFO User login successful
2026-01-01 12:04:05 INFO Data fetched successfully
2026-01-01 12:01:18 INFO Request completed
2026-01-01 12:26:03 INFO Session validated
2026-01-01 12:35:15 INFO Page loaded
2026-01-01 12:09:50 INFO User login successful
2026-01-01 12:45:06 INFO Request completed
2026-01-01 12:59:19 WARNING High memory usage
2026-01-01 12:12:42 INFO Session validated
2026-01-01 12:17:05 WARNING Network latency detected
2026-01-01 12:13:12 INFO Request completed
2026-01-01 12:41:59 ERROR API timeout
2026-01-01 12:37:11 INFO Session validated
2026-01-01 12:59:16 INFO Request completed
2026-01-01 12:27:57 WARNING Disk usage high
2026-01-01 12:05:34 INFO Cache updated
2026-01-01 12:49:38 INFO Data fetched successfully
2026-01-01 12:31:27 INFO Page loaded
2026-01-01 12:19:50 WARNING Slow response detected
2026-01-01 12:43:41 INFO Request completed
2026-01-01 12:01:50 INFO Data fetched successfully
2026-01-01 12:19:25 INFO Request completed
2026-01-01 12:18:39 INFO Cache updated
2026-01-01 12:11:23 WARNING CPU usage high
2026-01-01 12:50:24 ERROR Internal server error
2026-01-01 12:31:30 INFO Cache updated
2026-01-01 12:25:07 WARNING Network latency detected
2026-01-01 12:02:24 INFO Data fetched successfully
2026-01-01 12:49:27 ERROR Database connection failed
2026-01-01 12:17:56 INFO Data fetched successfully
2026-01-01 12:40:46 INFO Cache updated
2026-01-01 12:10:52 WARNING CPU usage high
2026-01-01 12:24:56 ERROR Internal server error
2026-01-01 12:21:17 ERROR API timeout
2026-01-01 12:12:20 WARNING Disk usage high
2026-01-01 12:55:58 INFO Session validated
2026-01-01 12:15:01 INFO Session validated
2026-01-01 13:22:41 INFO Session validated
2026-01-01 13:06:54 INFO Page loaded
2026-01-01 13:37:22 INFO Data fetched successfully
2026-01-01 13:27:43 INFO Data fetched successfully
2026-01-01 13:36:47 WARNING High memory usage
2026-01-01 13:49:17 INFO User login successful
2026-01-01 13:07:17 INFO Cache updated
2026-01-01 13:06:57 INFO User login successful
2026-01-01 13:16:12 WARNING Slow response detected
2026-01-01 13:41:53 INFO Cache updated
2026-01-01 13:02:02 WARNING Disk usage high
2026-01-01 13:16:27 INFO User login successful
2026-01-01 13:45:55 INFO User login successful
2026-01-01 13:54:39 ERROR Database connection failed
2026-01-01 13:06:53 INFO Cache updated
2026-01-01 13:13:55 ERROR Authentication failed
2026-01-01 13:15:09 INFO Session validated
2026-01-01 13:40:09 WARNING Network latency detected
2026-01-01 13:15:29 ERROR Internal server error
2026-01-01 13:35:46 WARNING Disk usage high
2026-01-01 13:53:59 ERROR Internal server error
2026-01-01 13:10:29 WARNING Slow response detected
2026-01-01 13:23:54 INFO Session validated
2026-01-01 13:46:19 WARNING Network latency detected
2026-01-01 13:42:47 INFO Page loaded
2026-01-01 13:35:13 ERROR Internal server error
2026-01-01 13:14:27 INFO Request completed
2026-01-01 13:55:08 WARNING High memory usage
2026-01-01 13:25:31 INFO Data fetched successfully
2026-01-01 13:45:13 INFO Page loaded
2026-01-01 13:29:14 INFO Request completed
2026-01-01 13:06:46 INFO Data fetched successfully
2026-01-01 13:34:11 INFO User login successful
2026-01-01 13:34:34 INFO Cache updated
2026-01-01 13:46:44 INFO Data fetched successfully
2026-01-01 13:29:08 INFO Page loaded
2026-01-01 13:45:10 INFO User login successful
2026-01-01 13:48:29 WARNING High memory usage
2026-01-01 13:25:17 INFO Data fetched successfully
2026-01-01 13:34:31 WARNING Disk usage high
2026-01-01 13:48:05 WARNING Network latency detected
2026-01-01 13:36:17 INFO Data fetched successfully
2026-01-01 13:39:35 INFO Page loaded
2026-01-01 13:13:35 INFO User login successful
2026-01-01 13:09:29 WARNING Slow response detected
2026-01-01 13:50:36 INFO Session validated
2026-01-01 13:05:08 WARNING Disk usage high
2026-01-01 13:09:22 ERROR Internal server error
2026-01-01 13:15:23 INFO User login successful
2026-01-01 13:22:47 INFO Cache updated
2026-01-01 13:22:34 INFO Cache updated
2026-01-01 13:12:01 INFO Session validated
2026-01-01 13:10:58 WARNING Disk usage high
2026-01-01 13:42:30 INFO Session validated
2026-01-01 13:02:19 WARNING High memory usage
2026-01-01 13:31:07 WARNING Network latency detected
2026-01-01 13:26:22 INFO Request completed
2026-01-01 13:47:29 INFO Session validated
2026-01-01 13:22:05 INFO Page loaded
2026-01-01 13:55:30 INFO Page loaded
2026-01-01 13:45:49 INFO Data fetched successfully
2026-01-01 13:22:46 ERROR API timeout
2026-01-01 13:54:05 WARNING High memory usage
2026-01-01 13:30:01 WARNING Slow response detected
2026-01-01 13:08:25 WARNING High memory usage
2026-01-01 13:14:00 INFO Session validated
2026-01-01 13:48:45 INFO Page loaded
2026-01-01 13:17:57 WARNING High memory usage
2026-01-01 13:43:13 INFO Request completed
2026-01-01 13:25:44 WARNING CPU usage high
2026-01-01 13:21:28 INFO Session validated
2026-01-01 13:20:35 INFO User login successful
2026-01-01 13:22:07 INFO User login successful
2026-01-01 13:32:45 INFO Cache updated
2026-01-01 13:55:19 INFO User login successful
2026-01-01 13:06:31 WARNING Network latency detected
2026-01-01 13:12:50 INFO Page loaded
2026-01-01 14:13:00 WARNING High memory usage
2026-01-01 14:45:02 WARNING High memory usage
2026-01-01 14:22:06 INFO Page loaded
2026-01-01 14:18:11 WARNING Slow response detected
2026-01-01 14:38:49 INFO User login successful
2026-01-01 14:21:08 INFO User login successful
2026-01-01 14:39:30 INFO Data fetched successfully
2026-01-01 14:51:23 INFO Request completed
2026-01-01 14:50:30 INFO Cache updated
2026-01-01 14:25:48 INFO Page loaded
2026-01-01 14:04:17 WARNING CPU usage high
2026-01-01 14:39:08 INFO Cache updated
2026-01-01 14:37:18 ERROR Service unavailable
2026-01-01 14:40:07 WARNING CPU usage high
2026-01-01 14:20:09 INFO Request completed
2026-01-01 14:24:57 INFO User login successful
2026-01-01 14:57:51 ERROR Database connection failed
2026-01-01 14:31:41 INFO Request completed
2026-01-01 14:21:04 WARNING High memory usage
2026-01-01 14:22:43 INFO Cache updated
2026-01-01 14:51:38 INFO Page loaded
2026-01-01 14:23:54 INFO Data fetched successfully
2026-01-01 14:07:07 INFO Request completed
2026-01-01 14:06:27 WARNING High memory usage
2026-01-01 14:02:50 INFO Session validated
2026-01-01 14:48:18 INFO Session validated
2026-01-01 14:24:16 INFO Page loaded
2026-01-01 14:43:48 INFO Session validated
2026-01-01 14:23:24 WARNING Slow response detected
2026-01-01 14:19:51 WARNING Slow response detected
2026-01-01 14:56:57 INFO Cache updated
2026-01-01 14:28:34 WARNING High memory usage
2026-01-01 14:57:31 INFO Session validated
2026-01-01 14:24:56 INFO User login successful
2026-01-01 14:49:07 INFO Cache updated
2026-01-01 14:01:50 ERROR Internal server error
2026-01-01 14:24:49 WARNING CPU usage high
2026-01-01 14:36:02 INFO Data fetched successfully
2026-01-01 14:27:02 INFO Session validated
2026-01-01 14:32:08 INFO Cache updated
2026-01-01 14:10:15 INFO Cache updated
2026-01-01 14:47:21 INFO Request completed
2026-01-01 14:38:15 WARNING Slow response detected
2026-01-01 14:55:44 INFO Data fetched successfully
2026-01-01 14:31:41 INFO Data fetched successfully
2026-01-01 14:36:53 INFO Session validated
2026-01-01 14:17:32 INFO Request completed
2026-01-01 14:51:04 INFO Data fetched successfully
2026-01-01 14:17:54 INFO Request completed
2026-01-01 14:42:18 WARNING CPU usage high
2026-01-01 14:54:34 INFO Data fetched successfully
2026-01-01 14:39:05 INFO Cache updated
2026-01-01 14:19:13 INFO Data fetched successfully
2026-01-01 14:15:41 INFO Data fetched successfully
2026-01-01 14:22:45 INFO Data fetched successfully
2026-01-01 14:26:04 INFO Cache updated
2026-01-01 14:05:06 INFO Session validated
2026-01-01 14:38:33 WARNING CPU usage high
2026-01-01 14:07:13 INFO User login successful
2026-01-01 14:34:11 INFO Page loaded
2026-01-01 14:47:52 INFO Request completed
2026-01-01 14:49:33 ERROR API timeout
2026-01-01 14:22:02 INFO User login successful
2026-01-01 14:28:46 WARNING CPU usage high
2026-01-01 14:54:34 INFO Request completed
2026-01-01 14:35:38 INFO Request completed
2026-01-01 14:40:43 WARNING Disk usage high
2026-01-01 14:02:54 WARNING Slow response detected
2026-01-01 14:09:57 INFO User login successful
2026-01-01 14:18:29 WARNING CPU usage high
2026-01-01 14:00:58 INFO User login successful
2026-01-01 14:08:54 INFO Request completed
2026-01-01 14:57:58 ERROR Database connection failed
2026-01-01 14:30:35 WARNING CPU usage high
2026-01-01 14:21:22 INFO User login successful
2026-01-01 14:28:59 INFO Cache updated
2026-01-01 14:46:15 INFO Page loaded
2026-01-01 15:00:19 ERROR Authentication failed
2026-01-01 15:27:59 INFO User login successful
2026-01-01 15:25:22 ERROR Authentication failed
2026-01-01 15:27:11 WARNING Disk usage high
2026-01-01 15:46:31 ERROR Internal server error
2026-01-01 15:18:58 INFO User login successful
2026-01-01 15:34:32 ERROR Authentication failed
2026-01-01 15:42:52 WARNING High memory usage
2026-01-01 15:30:32 ERROR Database connection failed
2026-01-01 15:54:47 INFO Page loaded
2026-01-01 15:43:46 ERROR API timeout
2026-01-01 15:13:45 WARNING Slow response detected
2026-01-01 15:00:25 WARNING High memory usage
2026-01-01 15:23:00 WARNING High memory usage
2026-01-01 15:40:44 ERROR Internal server error
2026-01-01 15:01:34 ERROR Authentication failed
2026-01-01 15:09:01 ERROR Authentication failed
2026-01-01 15:33:39 ERROR Internal server error
2026-01-01 15:27:17 INFO User login successful
2026-01-01 15:23:39 WARNING High memory usage
2026-01-01 15:31:26 ERROR API timeout
2026-01-01 15:07:12 WARNING High memory usage
2026-01-01 15:51:36 WARNING High memory usage
2026-01-01 15:20:07 ERROR Database connection failed
2026-01-01 15:51:50 ERROR Internal server error
2026-01-01 15:47:46 INFO Page loaded
2026-01-01 15:00:15 ERROR Internal server error
2026-01-01 15:06:08 INFO Data fetched successfully
2026-01-01 15:10:35 WARNING High memory usage
2026-01-01 15:17:50 ERROR Database connection failed
2026-01-01 15:06:17 ERROR API timeout
2026-01-01 15:46:52 WARNING Network latency detected
2026-01-01 15:48:41 INFO Session validated
2026-01-01 15:19:06 WARNING Network latency detected
2026-01-01 15:10:25 WARNING CPU usage high
2026-01-01 15:33:54 INFO Request completed
2026-01-01 15:09:19 ERROR Authentication failed
2026-01-01 15:48:31 ERROR Authentication failed
2026-01-01 15:40:08 WARNING High memory usage
2026-01-01 15:44:18 ERROR Authentication failed
2026-01-01 15:10:13 ERROR Database connection failed
2026-01-01 15:38:52 ERROR Internal server error
2026-01-01 15:17:42 INFO Session validated
2026-01-01 15:44:50 ERROR Service unavailable
2026-01-01 15:06:52 ERROR Service unavailable
2026-01-01 15:21:22 INFO Request completed
2026-01-01 15:18:01 ERROR Database connection failed
2026-01-01 15:35:51 WARNING Network latency detected
2026-01-01 15:38:27 WARNING High memory usage
2026-01-01 15:40:25 WARNING CPU usage high
2026-01-01 15:40:14 WARNING High memory usage
2026-01-01 15:17:13 ERROR Database connection failed
2026-01-01 15:07:26 INFO Page loaded
2026-01-01 15:25:09 WARNING CPU usage high
2026-01-01 15:29:34 ERROR Authentication failed
2026-01-01 15:17:24 ERROR Internal server error
2026-01-01 15:10:10 ERROR Internal server error
2026-01-01 15:01:16 WARNING Slow response detected
2026-01-01 15:10:54 WARNING Network latency detected
2026-01-01 15:29:26 ERROR Internal server error
2026-01-01 15:57:36 WARNING High memory usage
2026-01-01 15:07:30 ERROR Authentication failed
2026-01-01 15:26:19 ERROR Database connection failed
2026-01-01 15:45:32 ERROR API timeout
2026-01-01 15:15:04 WARNING High memory usage
2026-01-01 15:55:23 WARNING Disk usage high
2026-01-01 15:39:36 WARNING High memory usage
2026-01-01 15:16:18 WARNING Disk usage high
2026-01-01 15:06:46 INFO Data fetched successfully
2026-01-01 15:49:32 ERROR Authentication failed
2026-01-01 15:09:22 ERROR API timeout
2026-01-01 15:28:36 ERROR Internal server error
2026-01-01 15:42:06 ERROR Service unavailable
2026-01-01 15:33:00 ERROR API timeout
2026-01-01 15:00:42 WARNING High memory usage
2026-01-01 15:45:11 ERROR Authentication failed
2026-01-01 15:41:10 ERROR Service unavailable
2026-01-01 15:48:16 ERROR Authentication failed
2026-01-01 15:33:46 WARNING CPU usage high
2026-01-01 15:39:14 ERROR Authentication failed
2026-01-01 15:20:52 ERROR Service unavailable
2026-01-01 15:34:09 WARNING Disk usage high
2026-01-01 15:46:47 INFO Session validated
2026-01-01 15:28:34 ERROR Service unavailable
2026-01-01 15:22:47 ERROR Internal server error
2026-01-01 15:31:39 ERROR Database connection failed
2026-01-01 15:37:32 INFO Page loaded
2026-01-01 15:48:35 ERROR Service unavailable
2026-01-01 15:28:11 ERROR API timeout
2026-01-01 15:49:45 WARNING CPU usage high
2026-01-01 15:32:34 INFO Page loaded
2026-01-01 15:00:58 ERROR Database connection failed
2026-01-01 15:46:42 WARNING Network latency detected
2026-01-01 15:04:34 WARNING CPU usage high
2026-01-01 15:25:06 INFO Request completed
2026-01-01 15:41:13 WARNING CPU usage high
2026-01-01 15:06:18 WARNING Network latency detected
2026-01-01 15:29:11 ERROR API timeout
2026-01-01 15:23:38 ERROR Service unavailable
2026-01-01 15:05:22 WARNING Disk usage high
2026-01-01 15:43:49 WARNING Network latency detected
2026-01-01 15:38:31 WARNING Network latency detected
2026-01-01 15:27:03 ERROR Authentication failed
2026-01-01 15:26:57 ERROR Service unavailable
2026-01-01 15:55:42 ERROR Internal server error
2026-01-01 15:44:42 ERROR Authentication failed
2026-01-01 15:15:47 ERROR Service unavailable
2026-01-01 15:21:39 INFO Session validated
2026-01-01 15:31:24 ERROR Authentication failed
2026-01-01 15:33:53 WARNING Slow response detected
2026-01-01 15:40:37 WARNING Slow response detected
2026-01-01 15:38:09 ERROR Database connection failed
2026-01-01 15:39:46 WARNING CPU usage high
2026-01-01 15:16:13 ERROR Service unavailable
2026-01-01 15:35:01 WARNING Disk usage high
2026-01-01 15:08:39 ERROR Database connection failed
2026-01-01 15:02:09 ERROR Authentication failed
2026-01-01 15:15:44 INFO User login successful
2026-01-01 15:03:39 WARNING Slow response detected
2026-01-01 15:28:44 WARNING Slow response detected
2026-01-01 15:23:15 INFO User login successful
2026-01-01 15:53:37 ERROR Database connection failed
2026-01-01 15:11:54 ERROR Authentication failed
2026-01-01 15:22:41 INFO Cache updated
2026-01-01 15:52:31 INFO Data fetched successfully
2026-01-01 15:10:58 WARNING CPU usage high
2026-01-01 15:53:41 INFO Request completed
2026-01-01 15:39:09 WARNING Network latency detected
2026-01-01 15:27:19 ERROR Service unavailable
2026-01-01 15:50:10 WARNING Network latency detected
2026-01-01 15:19:52 INFO Cache updated
2026-01-01 15:48:08 ERROR Internal server error
2026-01-01 15:15:36 ERROR Authentication failed
2026-01-01 15:07:15 ERROR Service unavailable
2026-01-01 15:13:28 ERROR Service unavailable
2026-01-01 15:29:02 WARNING Network latency detected
2026-01-01 15:24:39 ERROR Database connection failed
2026-01-01 15:33:13 WARNING Network latency detected
2026-01-01 15:13:04 ERROR Authentication failed
2026-01-01 15:33:07 ERROR API timeout
2026-01-01 15:11:45 WARNING Disk usage high
2026-01-01 15:40:09 ERROR Authentication failed
2026-01-01 15:45:36 ERROR API timeout
2026-01-01 15:44:20 ERROR Internal server error
2026-01-01 15:18:15 ERROR API timeout
2026-01-01 15:01:55 WARNING Slow response detected
2026-01-01 15:27:43 INFO Page loaded
2026-01-01 15:15:48 ERROR Database connection failed
2026-01-01 15:33:26 WARNING Disk usage high
2026-01-01 15:45:54 ERROR API timeout
2026-01-01 15:23:42 INFO Session validated
2026-01-01 15:15:22 INFO Request completed
2026-01-01 15:06:27 ERROR Authentication failed
2026-01-01 15:24:45 WARNING CPU usage high
2026-01-01 15:32:22 WARNING CPU usage high
2026-01-01 15:26:05 WARNING Slow response detected
2026-01-01 15:50:10 ERROR Service unavailable
2026-01-01 15:00:10 WARNING Network latency detected
2026-01-01 15:19:44 WARNING High memory usage
2026-01-01 15:23:09 WARNING CPU usage high
2026-01-01 16:00:03 INFO User login successful
2026-01-01 16:14:53 INFO Cache updated
2026-01-01 16:34:00 INFO Page loaded
2026-01-01 16:33:55 WARNING High memory usage
2026-01-01 16:55:45 INFO User login successful
2026-01-01 16:18:06 INFO Session validated
2026-01-01 16:05:35 WARNING Network latency detected
2026-01-01 16:56:00 INFO Page loaded
2026-01-01 16:39:37 INFO Page loaded
2026-01-01 16:46:18 INFO Session validated
2026-01-01 16:53:37 INFO Session validated
2026-01-01 16:51:49 INFO Request completed
2026-01-01 16:16:11 WARNING CPU usage high
2026-01-01 16:13:11 INFO Request completed
2026-01-01 16:33:30 INFO Page loaded
2026-01-01 16:58:18 WARNING High memory usage
2026-01-01 16:50:57 ERROR Authentication failed
2026-01-01 16:50:44 INFO Data fetched successfully
2026-01-01 16:15:27 INFO User login successful
2026-01-01 16:31:34 INFO Session validated
2026-01-01 16:22:07 INFO Session validated
2026-01-01 16:55:13 ERROR Internal server error
2026-01-01 16:34:47 INFO Page loaded
2026-01-01 16:02:09 WARNING CPU usage high
2026-01-01 16:52:51 INFO Cache updated
2026-01-01 16:03:02 WARNING High memory usage
2026-01-01 16:26:38 ERROR Internal server error
2026-01-01 16:03:28 INFO User login successful
2026-01-01 16:28:19 ERROR Internal server error
2026-01-01 16:25:44 INFO User login successful
2026-01-01 16:54:55 WARNING Slow response detected
2026-01-01 16:50:10 WARNING CPU usage high
2026-01-01 16:02:20 WARNING CPU usage high
2026-01-01 16:30:56 INFO Page loaded
2026-01-01 16:26:12 INFO Session validated
2026-01-01 16:53:32 INFO User login successful
2026-01-01 16:44:35 WARNING Network latency detected
2026-01-01 16:38:09 INFO Cache updated
2026-01-01 16:47:13 INFO Request completed
2026-01-01 16:29:08 WARNING Disk usage high
2026-01-01 16:06:58 INFO Request completed
2026-01-01 16:59:00 WARNING Slow response detected
2026-01-01 16:21:54 INFO Request completed
2026-01-01 16:14:59 INFO Request completed
2026-01-01 16:33:19 INFO Cache updated
2026-01-01 16:01:43 INFO User login successful
2026-01-01 16:31:45 WARNING Network latency detected
2026-01-01 16:33:08 WARNING Network latency detected
2026-01-01 16:39:42 INFO Session validated
2026-01-01 16:38:51 WARNING Network latency detected
2026-01-01 16:47:03 INFO Session validated
2026-01-01 16:02:54 ERROR API timeout
2026-01-01 16:45:19 WARNING Disk usage high
2026-01-01 16:59:23 ERROR API timeout
2026-01-01 16:05:53 INFO Page loaded
2026-01-01 16:56:11 INFO Page loaded
2026-01-01 16:44:26 INFO Cache updated
2026-01-01 16:40:12 INFO User login successful
2026-01-01 16:10:15 WARNING High memory usage
2026-01-01 16:20:42 WARNING High memory usage
2026-01-01 16:18:32 INFO User login successful
2026-01-01 16:30:34 INFO Cache updated
2026-01-01 16:37:16 WARNING Slow response detected
2026-01-01 16:48:44 INFO Cache updated
2026-01-01 16:53:28 INFO Session validated
2026-01-01 16:58:12 WARNING Network latency detected
2026-01-01 16:50:36 WARNING CPU usage high
2026-01-01 16:59:42 WARNING Disk usage high
2026-01-01 16:50:24 INFO User login successful
2026-01-01 16:34:04 INFO Session validated
2026-01-01 16:23:37 INFO Data fetched successfully
2026-01-01 16:47:10 INFO Request completed
2026-01-01 16:14:45 WARNING High memory usage
2026-01-01 16:52:00 WARNING Disk usage high
2026-01-01 16:17:38 INFO Request completed
2026-01-01 16:29:05 ERROR Service unavailable
2026-01-01 16:30:57 INFO Data fetched successfully
2026-01-01 16:25:06 INFO Data fetched successfully
2026-01-01 16:20:51 ERROR Database connection failed
2026-01-01 17:59:48 WARNING High memory usage
2026-01-01 17:18:31 INFO Cache updated
2026-01-01 17:52:00 WARNING Network latency detected
2026-01-01 17:48:20 INFO User login successful
2026-01-01 17:56:58 WARNING Disk usage high
2026-01-01 17:59:59 WARNING Network latency detected
2026-01-01 17:22:02 INFO Request completed
2026-01-01 17:05:33 INFO Request completed
2026-01-01 17:33:35 WARNING CPU usage high
2026-01-01 17:05:08 INFO Session validated
2026-01-01 17:04:18 INFO Request completed
2026-01-01 17:19:05 ERROR Authentication failed
2026-01-01 17:21:13 ERROR Service unavailable
2026-01-01 17:15:27 INFO Data fetched successfully
2026-01-01 17:12:03 WARNING Slow response detected
2026-01-01 17:57:58 INFO Session validated
2026-01-01 17:28:28 INFO Request completed
2026-01-01 17:42:36 INFO Cache updated
2026-01-01 17:05:12 INFO Data fetched successfully
2026-01-01 17:26:38 INFO Session validated
2026-01-01 17:07:52 WARNING Slow response detected
2026-01-01 17:07:34 INFO Session validated
2026-01-01 17:27:02 INFO Page loaded
2026-01-01 17:18:50 INFO Request completed
2026-01-01 17:27:50 INFO Session validated
2026-01-01 17:36:05 WARNING High memory usage
2026-01-01 17:20:21 WARNING High memory usage
2026-01-01 17:40:02 INFO User login successful
2026-01-01 17:44:24 INFO Request completed
2026-01-01 17:03:57 INFO Cache updated
2026-01-01 17:42:16 WARNING Slow response detected
2026-01-01 17:40:38 WARNING CPU usage high
2026-01-01 17:59:34 INFO Page loaded
2026-01-01 17:13:22 INFO Session validated
2026-01-01 17:32:13 WARNING Disk usage high
2026-01-01 17:07:23 ERROR Internal server error
2026-01-01 17:23:39 ERROR API timeout
2026-01-01 17:42:13 ERROR Internal server error
2026-01-01 17:08:24 INFO Session validated
2026-01-01 17:48:17 INFO Cache updated
2026-01-01 17:59:17 WARNING Slow response detected
2026-01-01 17:36:13 INFO Request completed
2026-01-01 17:07:29 INFO Cache updated
2026-01-01 17:04:19 INFO Page loaded
2026-01-01 17:51:47 INFO Request completed
2026-01-01 17:29:33 WARNING Network latency detected
2026-01-01 17:03:57 WARNING CPU usage high
2026-01-01 17:42:43 INFO Session validated
2026-01-01 17:47:53 WARNING CPU usage high
2026-01-01 17:01:58 WARNING Network latency detected
2026-01-01 17:31:35 WARNING High memory usage
2026-01-01 17:38:07 INFO Request completed
2026-01-01 17:45:31 INFO Data fetched successfully
2026-01-01 17:24:13 INFO Request completed
2026-01-01 17:19:47 INFO Page loaded
2026-01-01 17:30:23 WARNING Disk usage high
2026-01-01 17:43:02 WARNING High memory usage
2026-01-01 17:43:20 INFO Cache updated
2026-01-01 17:53:01 WARNING High memory usage
2026-01-01 17:26:40 WARNING High memory usage
2026-01-01 17:28:37 INFO Session validated
2026-01-01 17:35:42 INFO Request completed
2026-01-01 18:15:04 WARNING CPU usage high
2026-01-01 18:34:58 ERROR Service unavailable
2026-01-01 18:17:49 INFO Data fetched successfully
2026-01-01 18:42:47 INFO Request completed
2026-01-01 18:14:28 INFO Request completed
2026-01-01 18:45:46 INFO Cache updated
2026-01-01 18:28:30 INFO Request completed
2026-01-01 18:24:53 INFO Request completed
2026-01-01 18:29:21 INFO Request completed
2026-01-01 18:42:30 WARNING Slow response detected
2026-01-01 18:09:53 INFO Cache updated
2026-01-01 18:24:49 INFO Data fetched successfully
2026-01-01 18:03:41 INFO User login successful
2026-01-01 18:49:01 INFO Data fetched successfully
2026-01-01 18:07:52 INFO Session validated
2026-01-01 18:10:46 WARNING Network latency detected
2026-01-01 18:34:50 INFO Data fetched successfully
2026-01-01 18:35:30 INFO Cache updated
2026-01-01 18:29:48 ERROR Internal server error
2026-01-01 18:15:14 WARNING CPU usage high
2026-01-01 18:39:29 INFO Session validated
2026-01-01 18:50:50 WARNING CPU usage high
2026-01-01 18:40:57 INFO Page loaded
2026-01-01 18:15:14 INFO Data fetched successfully
2026-01-01 18:49:05 WARNING Slow response detected
2026-01-01 18:41:14 WARNING Slow response detected
2026-01-01 18:44:45 INFO Page loaded
2026-01-01 18:49:55 WARNING High memory usage
2026-01-01 18:39:41 ERROR Service unavailable
2026-01-01 18:20:42 INFO Cache updated
2026-01-01 18:39:41 ERROR Authentication failed
2026-01-01 18:30:46 INFO Cache updated
2026-01-01 18:19:20 WARNING Disk usage high
2026-01-01 18:48:10 WARNING Disk usage high
2026-01-01 18:46:34 WARNING CPU usage high
2026-01-01 18:36:45 WARNING High memory usage
2026-01-01 18:51:49 INFO User login successful
2026-01-01 18:58:50 WARNING Disk usage high
2026-01-01 18:18:42 ERROR Authentication failed
2026-01-01 18:22:36 ERROR Internal server error
2026-01-01 18:49:19 WARNING CPU usage high
2026-01-01 18:58:39 INFO Cache updated
2026-01-01 18:26:33 INFO User login successful
2026-01-01 18:53:00 INFO User login successful
2026-01-01 18:16:27 INFO Session validated
2026-01-01 19:04:11 INFO Page loaded
2026-01-01 19:58:30 INFO Data fetched successfully
2026-01-01 19:27:28 INFO User login successful
2026-01-01 19:35:25 INFO Request completed
2026-01-01 19:50:22 INFO Cache updated
2026-01-01 19:15:13 INFO Cache updated
2026-01-01 19:57:54 INFO Request completed
2026-01-01 19:22:42 INFO Request completed
2026-01-01 19:33:27 INFO User login successful
2026-01-01 19:15:56 INFO Cache updated
2026-01-01 19:03:07 INFO Cache updated
2026-01-01 19:35:49 INFO Request completed
2026-01-01 19:16:28 INFO User login successful
2026-01-01 19:47:23 WARNING Network latency detected
2026-01-01 19:54:53 INFO Cache updated
2026-01-01 19:57:02 INFO User login successful
2026-01-01 19:38:27 WARNING High memory usage
2026-01-01 19:18:51 WARNING High memory usage
2026-01-01 19:32:10 WARNING Network latency detected
2026-01-01 19:07:39 INFO Data fetched successfully
2026-01-01 19:13:47 WARNING Slow response detected
2026-01-01 19:03:50 INFO Request completed
2026-01-01 19:49:12 INFO Data fetched successfully
2026-01-01 19:44:59 WARNING Slow response detected
2026-01-01 19:57:08 WARNING Network latency detected
2026-01-01 19:18:48 ERROR Authentication failed
2026-01-01 19:16:09 INFO Cache updated
2026-01-01 19:18:02 INFO Session validated
2026-01-01 19:18:54 INFO Request completed
2026-01-01 19:14:59 INFO Data fetched successfully
2026-01-01 19:58:03 INFO Session validated
2026-01-01 19:02:27 WARNING High memory usage
2026-01-01 19:26:13 INFO Page loaded
2026-01-01 19:00:38 INFO Data fetched successfully
2026-01-01 19:45:55 INFO User login successful
2026-01-01 19:21:10 INFO Data fetched successfully
2026-01-01 19:23:50 WARNING CPU usage high
2026-01-01 19:17:02 ERROR Internal server error
2026-01-01 19:30:34 INFO Cache updated
2026-01-01 19:44:17 INFO Request completed
2026-01-01 19:02:05 INFO User login successful
2026-01-01 19:10:42 INFO Page loaded
2026-01-01 19:27:20 INFO Session validated
2026-01-01 19:08:42 INFO User login successful
2026-01-01 19:41:28 INFO Session validated
2026-01-01 19:02:56 WARNING High memory usage
2026-01-01 19:42:14 INFO Page loaded
2026-01-01 19:10:05 WARNING Slow response detected
2026-01-01 19:31:38 WARNING High memory usage
2026-01-01 19:28:12 WARNING Disk usage high
2026-01-01 19:39:43 WARNING Disk usage high
2026-01-01 19:23:50 WARNING High memory usage
2026-01-01 19:48:19 WARNING Disk usage high
2026-01-01 19:43:11 ERROR API timeout
2026-01-01 19:20:08 INFO User login successful
2026-01-01 19:44:43 WARNING Slow response detected
2026-01-01 19:13:07 INFO Session validated
2026-01-01 20:54:59 ERROR API timeout
2026-01-01 20:07:22 ERROR Authentication failed
2026-01-01 20:04:30 ERROR Internal server error
2026-01-01 20:53:47 ERROR Internal server error
2026-01-01 20:47:23 ERROR Database connection failed
2026-01-01 20:26:52 INFO User login successful
2026-01-01 20:38:14 WARNING Slow response detected
2026-01-01 20:35:59 WARNING High memory usage
2026-01-01 20:27:17 INFO Session validated
2026-01-01 20:46:29 WARNING CPU usage high
2026-01-01 20:11:54 ERROR Database connection failed
2026-01-01 20:46:23 ERROR Authentication failed
2026-01-01 20:11:09 ERROR API timeout
2026-01-01 20:22:17 INFO User login successful
2026-01-01 20:01:11 ERROR Service unavailable
2026-01-01 20:39:48 INFO Request completed
2026-01-01 20:58:39 WARNING Slow response detected
2026-01-01 20:02:35 ERROR Authentication failed
2026-01-01 20:51:59 INFO User login successful
2026-01-01 20:11:20 ERROR Internal server error
2026-01-01 20:32:55 ERROR Service unavailable
2026-01-01 20:37:48 ERROR Database connection failed
2026-01-01 20:17:26 ERROR Service unavailable
2026-01-01 20:58:03 ERROR Database connection failed
2026-01-01 20:22:12 ERROR Internal server error
2026-01-01 20:01:36 ERROR Internal server error
2026-01-01 20:47:38 WARNING Disk usage high
2026-01-01 20:49:22 WARNING High memory usage
2026-01-01 20:07:58 WARNING CPU usage high
2026-01-01 20:27:07 ERROR Database connection failed
2026-01-01 20:42:57 WARNING Slow response detected
2026-01-01 20:36:52 WARNING Slow response detected
2026-01-01 20:55:27 ERROR Internal server error
2026-01-01 20:27:29 WARNING Slow response detected
2026-01-01 20:21:28 WARNING Disk usage high
2026-01-01 20:54:33 INFO Data fetched successfully
2026-01-01 20:25:49 WARNING Slow response detected
2026-01-01 20:40:26 ERROR Service unavailable
2026-01-01 20:08:24 WARNING Disk usage high
2026-01-01 20:26:55 WARNING High memory usage
2026-01-01 20:33:35 INFO Data fetched successfully
2026-01-01 20:19:55 ERROR Database connection failed
2026-01-01 20:57:34 ERROR Database connection failed
2026-01-01 20:25:43 WARNING Network latency detected
2026-01-01 20:40:15 ERROR Service unavailable
2026-01-01 20:04:02 ERROR Database connection failed
2026-01-01 20:03:42 WARNING CPU usage high
2026-01-01 20:04:30 INFO Request completed
2026-01-01 20:19:36 WARNING High memory usage
2026-01-01 20:17:55 ERROR Authentication failed
2026-01-01 20:27:29 WARNING High memory usage
2026-01-01 20:26:45 ERROR Authentication failed
2026-01-01 20:30:04 WARNING Slow response detected
2026-01-01 20:32:45 INFO Cache updated
2026-01-01 20:04:30 WARNING Disk usage high
2026-01-01 20:29:55 ERROR Internal server error
2026-01-01 20:02:37 ERROR Authentication failed
2026-01-01 20:39:08 INFO Session validated
2026-01-01 20:55:40 WARNING Disk usage high
2026-01-01 20:12:40 ERROR API timeout
2026-01-01 20:18:03 ERROR Authentication failed
2026-01-01 20:51:34 ERROR Internal server error
2026-01-01 20:51:05 ERROR Service unavailable
2026-01-01 20:26:57 WARNING Network latency detected
2026-01-01 20:18:26 ERROR API timeout
2026-01-01 20:08:18 ERROR API timeout
2026-01-01 20:01:10 ERROR Authentication failed
2026-01-01 20:40:05 INFO Request completed
2026-01-01 20:30:22 WARNING Disk usage high
2026-01-01 20:42:08 ERROR Service unavailable
2026-01-01 20:40:35 WARNING High memory usage
2026-01-01 20:51:11 WARNING Network latency detected
2026-01-01 20:28:57 ERROR Database connection failed
2026-01-01 20:52:24 ERROR Service unavailable
2026-01-01 20:13:58 WARNING Disk usage high
2026-01-01 20:41:16 INFO Page loaded
2026-01-01 20:33:57 INFO Request completed
2026-01-01 20:15:34 ERROR Service unavailable
2026-01-01 20:55:24 INFO Cache updated
2026-01-01 20:16:49 ERROR Internal server error
2026-01-01 20:03:56 INFO Session validated
2026-01-01 20:22:38 INFO Cache updated
2026-01-01 20:19:47 ERROR Database connection failed
2026-01-01 20:48:33 INFO Data fetched successfully
2026-01-01 20:35:05 WARNING Slow response detected
2026-01-01 20:31:33 ERROR API timeout
2026-01-01 20:19:29 ERROR Database connection failed
2026-01-01 20:58:26 ERROR Database connection failed
2026-01-01 20:11:38 INFO User login successful
2026-01-01 20:07:58 WARNING Slow response detected
2026-01-01 20:27:57 INFO User login successful
2026-01-01 20:29:32 ERROR Internal server error
2026-01-01 20:15:32 ERROR Service unavailable
2026-01-01 20:17:59 WARNING CPU usage high
2026-01-01 20:26:18 WARNING Slow response detected
2026-01-01 20:29:57 ERROR Authentication failed
2026-01-01 20:33:00 WARNING Disk usage high
2026-01-01 20:59:09 WARNING Disk usage high
2026-01-01 20:19:06 WARNING Slow response detected
2026-01-01 20:42:07 ERROR Authentication failed
2026-01-01 20:31:32 INFO Session validated
2026-01-01 20:34:16 ERROR Authentication failed
2026-01-01 20:08:02 ERROR Internal server error
2026-01-01 20:59:52 ERROR Internal server error
2026-01-01 20:41:03 INFO Data fetched successfully
2026-01-01 20:45:16 ERROR Database connection failed
2026-01-01 20:08:42 WARNING Network latency detected
2026-01-01 20:32:54 ERROR Service unavailable
2026-01-01 20:19:50 INFO Request completed
2026-01-01 20:00:23 WARNING High memory usage
2026-01-01 20:43:30 WARNING CPU usage high
2026-01-01 20:49:10 INFO User login successful
2026-01-01 20:29:29 ERROR Database connection failed
2026-01-01 20:35:29 ERROR Authentication failed
2026-01-01 20:17:05 INFO Page loaded
2026-01-01 20:51:58 ERROR Service unavailable
2026-01-01 20:15:55 ERROR Service unavailable
2026-01-01 20:24:20 ERROR API timeout
2026-01-01 20:59:35 ERROR Internal server error
2026-01-01 20:21:44 ERROR API timeout
2026-01-01 20:48:03 INFO Session validated
2026-01-01 20:49:19 ERROR Authentication failed
2026-01-01 20:54:46 WARNING Network latency detected
2026-01-01 20:28:49 ERROR Authentication failed
2026-01-01 20:34:52 ERROR API timeout
2026-01-01 20:40:33 WARNING CPU usage high
2026-01-01 20:52:23 ERROR Authentication failed
2026-01-01 20:17:49 ERROR Internal server error
2026-01-01 20:23:27 WARNING Slow response detected
2026-01-01 20:18:25 WARNING CPU usage high
2026-01-01 20:56:57 ERROR API timeout
2026-01-01 20:33:27 ERROR Service unavailable
2026-01-01 20:49:58 ERROR Service unavailable
2026-01-01 20:10:04 WARNING Slow response detected
2026-01-01 20:30:32 ERROR Internal server error
2026-01-01 20:36:32 ERROR Authentication failed
2026-01-01 20:59:58 ERROR Service unavailable
2026-01-01 20:20:15 ERROR Service unavailable
2026-01-01 20:43:50 WARNING Disk usage high
2026-01-01 20:40:13 ERROR Database connection failed
2026-01-01 20:07:41 ERROR Service unavailable
2026-01-01 20:31:29 WARNING Disk usage high
2026-01-01 20:58:09 WARNING Disk usage high
2026-01-01 20:49:35 ERROR Database connection failed
2026-01-01 20:21:25 ERROR API timeout
2026-01-01 20:54:23 ERROR API timeout
2026-01-01 20:19:52 ERROR Authentication failed
2026-01-01 20:59:48 ERROR Authentication failed
2026-01-01 20:48:03 WARNING CPU usage high
2026-01-01 20:02:17 INFO User login successful
2026-01-01 20:56:39 ERROR Authentication failed
2026-01-01 20:49:03 WARNING Network latency detected
2026-01-01 20:10:02 ERROR Authentication failed
2026-01-01 20:23:56 ERROR Internal server error
2026-01-01 20:01:51 INFO Data fetched successfully
2026-01-01 20:47:22 ERROR Authentication failed
2026-01-01 20:46:25 ERROR API timeout
2026-01-01 20:33:52 ERROR Database connection failed
2026-01-01 20:47:31 INFO Page loaded
2026-01-01 20:51:43 INFO Cache updated
2026-01-01 20:11:00 INFO Session validated
2026-01-01 20:24:28 ERROR Internal server error
2026-01-01 21:40:05 INFO User login successful
2026-01-01 21:32:49 INFO Request completed
2026-01-01 21:30:42 INFO Session validated
2026-01-01 21:51:40 INFO Request completed
2026-01-01 21:59:38 INFO Request completed
2026-01-01 21:41:13 INFO User login successful
2026-01-01 21:49:22 INFO User login successful
2026-01-01 21:31:31 INFO Session validated
2026-01-01 21:20:07 INFO Data fetched successfully
2026-01-01 21:25:57 INFO Data fetched successfully
2026-01-01 21:51:40 INFO Cache updated
2026-01-01 21:44:47 INFO Cache updated
2026-01-01 21:49:31 WARNING High memory usage
2026-01-01 21:59:17 WARNING High memory usage
2026-01-01 21:23:41 INFO Cache updated
2026-01-01 21:02:18 INFO Request completed
2026-01-01 21:16:13 WARNING Slow response detected
2026-01-01 21:43:44 INFO Request completed
2026-01-01 21:30:44 ERROR API timeout
2026-01-01 21:02:03 INFO Request completed
2026-01-01 21:44:36 INFO Cache updated
2026-01-01 21:23:52 INFO Page loaded
2026-01-01 21:08:28 INFO Session validated
2026-01-01 21:28:22 INFO Page loaded
2026-01-01 21:14:56 INFO Page loaded
2026-01-01 21:32:52 ERROR Internal server error
2026-01-01 21:02:04 ERROR Internal server error
2026-01-01 21:02:22 INFO User login successful
2026-01-01 21:12:28 INFO Request completed
2026-01-01 21:45:17 INFO Page loaded
2026-01-01 21:54:53 WARNING Network latency detected
2026-01-01 21:35:24 INFO Cache updated
2026-01-01 21:44:24 ERROR Database connection failed
2026-01-01 21:56:24 WARNING High memory usage
2026-01-01 21:19:55 WARNING Disk usage high
2026-01-01 21:36:07 ERROR Internal server error
2026-01-01 21:30:28 INFO Page loaded
2026-01-01 21:54:30 INFO Cache updated
2026-01-01 21:02:16 ERROR Authentication failed
2026-01-01 21:13:31 INFO Cache updated
2026-01-01 21:27:18 WARNING High memory usage
2026-01-01 21:23:00 WARNING CPU usage high
2026-01-01 21:54:28 WARNING Slow response detected
2026-01-01 21:45:03 ERROR API timeout
2026-01-01 21:02:41 INFO User login successful
2026-01-01 21:00:50 INFO Page loaded
2026-01-01 21:32:12 INFO Request completed
2026-01-01 21:36:57 WARNING Slow response detected
2026-01-01 21:56:33 INFO Data fetched successfully
2026-01-01 21:55:35 INFO Data fetched successfully
2026-01-01 21:57:07 INFO Data fetched successfully
2026-01-01 21:43:30 INFO Request completed
2026-01-01 21:47:22 WARNING CPU usage high
2026-01-01 21:31:53 ERROR Authentication failed
2026-01-01 21:22:57 INFO Data fetched successfully
2026-01-01 21:16:34 INFO Request completed
2026-01-01 21:15:20 INFO Data fetched successfully
2026-01-01 21:58:48 WARNING Disk usage high
2026-01-01 21:54:23 INFO Page loaded
2026-01-01 21:41:59 WARNING Network latency detected
2026-01-01 21:07:38 INFO Page loaded
2026-01-01 21:59:23 WARNING Network latency detected
2026-01-01 21:42:19 WARNING Slow response detected
2026-01-01 22:11:52 INFO Request completed
2026-01-01 22:59:14 WARNING Disk usage high
2026-01-01 22:19:58 ERROR API timeout
2026-01-01 22:05:26 WARNING Slow response detected
2026-01-01 22:03:54 WARNING Slow response detected
2026-01-01 22:13:58 INFO Session validated
2026-01-01 22:15:55 INFO Page loaded
2026-01-01 22:53:34 INFO Page loaded
2026-01-01 22:27:50 INFO Session validated
2026-01-01 22:21:37 INFO User login successful
2026-01-01 22:39:06 INFO User login successful
2026-01-01 22:45:56 WARNING Network latency detected
2026-01-01 22:19:25 INFO Session validated
2026-01-01 22:24:32 INFO Page loaded
2026-01-01 22:22:53 ERROR API timeout
2026-01-01 22:59:09 INFO User login successful
2026-01-01 22:51:53 INFO Request completed
2026-01-01 22:43:23 ERROR Service unavailable
2026-01-01 22:53:40 WARNING Disk usage high
2026-01-01 22:10:28 INFO User login successful
2026-01-01 22:20:10 ERROR API timeout
2026-01-01 22:14:36 INFO User login successful
2026-01-01 22:36:22 INFO Request completed
2026-01-01 22:15:05 INFO Request completed
2026-01-01 22:12:26 INFO User login successful
2026-01-01 22:05:13 INFO User login successful
2026-01-01 22:07:51 INFO User login successful
2026-01-01 22:41:19 WARNING Network latency detected
2026-01-01 22:59:25 ERROR Authentication failed
2026-01-01 22:25:50 INFO Page loaded
2026-01-01 22:16:18 INFO Data fetched successfully
2026-01-01 22:12:28 INFO Cache updated
2026-01-01 22:39:02 INFO Request completed
2026-01-01 22:33:59 ERROR Authentication failed
2026-01-01 22:13:48 WARNING Disk usage high
2026-01-01 22:11:47 INFO Request completed
2026-01-01 22:35:57 WARNING Slow response detected
2026-01-01 22:19:00 INFO Request completed
2026-01-01 22:57:47 WARNING CPU usage high
2026-01-01 22:38:35 INFO User login successful
2026-01-01 22:54:42 INFO User login successful
2026-01-01 22:50:44 INFO Cache updated
2026-01-01 22:26:30 INFO User login successful
2026-01-01 22:13:33 INFO Request completed
2026-01-01 22:30:30 WARNING Slow response detected
2026-01-01 22:18:08 INFO Request completed
2026-01-01 22:58:47 INFO Cache updated
2026-01-01 22:35:26 WARNING Slow response detected
2026-01-01 22:10:51 INFO Session validated
2026-01-01 22:02:58 INFO Session validated
2026-01-01 22:10:10 ERROR Service unavailable
2026-01-01 22:25:37 WARNING Network latency detected
2026-01-01 22:11:30 INFO Cache updated
2026-01-01 22:39:00 ERROR API timeout
2026-01-01 22:02:39 INFO User login successful
2026-01-01 22:20:57 INFO Cache updated
2026-01-01 22:56:46 WARNING Network latency detected
2026-01-01 22:09:53 INFO Data fetched successfully
2026-01-01 22:06:08 WARNING CPU usage high
2026-01-01 22:48:16 WARNING Slow response detected
2026-01-01 22:31:16 WARNING Disk usage high
2026-01-01 22:18:56 INFO User login successful
2026-01-01 22:25:59 INFO Data fetched successfully
2026-01-01 22:28:43 INFO User login successful
2026-01-01 22:43:14 WARNING Network latency detected
2026-01-01 22:13:57 WARNING High memory usage
2026-01-01 22:29:22 INFO Request completed
2026-01-01 23:14:30 INFO Cache updated
2026-01-01 23:29:40 INFO Session validated
2026-01-01 23:32:19 WARNING Disk usage high
2026-01-01 23:25:03 INFO Session validated
2026-01-01 23:16:33 WARNING High memory usage
2026-01-01 23:36:31 INFO User login successful
2026-01-01 23:05:37 INFO Session validated
2026-01-01 23:43:08 INFO Data fetched successfully
2026-01-01 23:43:45 INFO Cache updated
2026-01-01 23:11:01 WARNING Network latency detected
2026-01-01 23:40:37 INFO Data fetched successfully
2026-01-01 23:27:49 INFO Data fetched successfully
2026-01-01 23:08:04 INFO User login successful
2026-01-01 23:36:38 INFO Cache updated
2026-01-01 23:00:48 INFO User login successful
2026-01-01 23:51:48 INFO User login successful
2026-01-01 23:40:39 INFO Request completed
2026-01-01 23:53:36 WARNING CPU usage high
2026-01-01 23:47:46 WARNING Slow response detected
2026-01-01 23:15:15 WARNING Slow response detected
2026-01-01 23:03:08 INFO Page loaded
2026-01-01 23:24:22 INFO Session validated
2026-01-01 23:05:25 INFO Data fetched successfully
2026-01-01 23:30:38 INFO Cache updated
2026-01-01 23:06:12 INFO Data fetched successfully
2026-01-01 23:22:24 INFO Session validated
2026-01-01 23:18:11 INFO Request completed
2026-01-01 23:03:12 INFO User login successful
2026-01-01 23:55:29 INFO Page loaded
2026-01-01 23:00:25 INFO User login successful
2026-01-01 23:20:01 INFO Request completed
2026-01-01 23:41:22 INFO Request completed
2026-01-01 23:35:10 ERROR API timeout
2026-01-01 23:02:41 INFO Page loaded
2026-01-01 23:50:34 WARNING CPU usage high
2026-01-01 23:18:43 INFO User login successful
2026-01-01 23:44:59 INFO Request completed
2026-01-01 23:00:48 INFO Data fetched successfully
2026-01-01 23:38:44 INFO Data fetched successfully
2026-01-01 23:30:22 INFO Data fetched successfully
2026-01-01 23:30:57 ERROR Internal server error
2026-01-01 23:18:53 INFO Page loaded
2026-01-01 23:30:40 INFO Cache updated
2026-01-01 23:59:50 WARNING Slow response detected
2026-01-01 23:44:52 INFO Request completed
2026-01-01 23:38:17 INFO User login successful
2026-01-01 23:53:01 INFO User login successful
2026-01-01 23:20:05 WARNING Slow response detected
2026-01-01 23:58:51 INFO Cache updated
2026-01-01 23:31:16 WARNING High memory usage
2026-01-01 23:58:42 WARNING Disk usage high
2026-01-01 23:00:03 WARNING CPU usage high
2026-01-01 23:14:36 ERROR Service unavailable
2026-01-01 23:57:49 INFO Data fetched successfully
2026-01-01 23:55:52 INFO Session validated
2026-01-01 23:37:21 INFO User login successful
2026-01-01 23:49:46 WARNING High memory usage
2026-01-01 23:34:35 WARNING Disk usage high
2026-01-01 23:40:36 INFO Cache updated
2026-01-01 23:34:14 ERROR Internal server error
2026-01-01 23:58:10 INFO Page loaded
2026-01-01 23:14:46 INFO Page loaded
2026-01-01 23:31:34 WARNING High memory usage
2026-01-01 23:33:45 WARNING CPU usage high
2026-01-01 23:31:02 INFO Page loaded
2026-01-01 23:18:37 WARNING Network latency detected
2026-01-01 23:24:09 WARNING Disk usage high
2026-01-01 23:36:00 INFO Request completed
2026-01-01 23:53:39 INFO Data fetched successfully
2026-01-01 23:03:47 INFO Page loaded
2026-01-01 23:46:52 WARNING CPU usage high
2026-01-01 23:27:33 INFO Session validated
2026-01-01 23:48:13 INFO Page loaded
2026-01-01 23:33:43 INFO Page loaded
2026-01-01 23:04:53 INFO Session validated
2026-01-01 23:42:46 INFO Request completed